<?xml version="1.0" encoding="UTF-8"?>
<coverage generated="1790043131882" clover="3.2.0">
  <project timestamp="1790043131882" name="All files">
    <metrics statements="18" coveredstatements="16" conditionals="10" coveredconditionals="7" methods="2" coveredmethods="2" elements="30" coveredelements="25" complexity="0" loc="18" ncloc="18" packages="1" files="1" classes="1"/>
    <file name="new.tsx" path="/Users/brandonbittner/repos/Split The G/src/app/(app)/items/new.tsx">
      <metrics statements="18" coveredstatements="16" conditionals="10" coveredconditionals="7" methods="2" coveredmethods="2"/>
      <line num="19" count="6" type="stmt"/>
      <line num="20" count="6" type="stmt"/>
      <line num="21" count="6" type="stmt"/>
      <line num="22" count="6" type="stmt"/>
      <line num="24" count="6" type="stmt"/>
      <line num="25" count="2" type="stmt"/>
      <line num="26" count="2" type="cond" truecount="2" falsecount="0"/>
      <line num="27" count="1" type="stmt"/>
      <line num="28" count="1" type="stmt"/>
      <line num="30" count="1" type="cond" truecount="1" falsecount="1"/>
      <line num="32" count="1" type="stmt"/>
      <line num="33" count="1" type="stmt"/>
      <line num="38" count="1" type="stmt"/>
      <line num="40" count="1" type="cond" truecount="1" falsecount="1"/>
      <line num="41" count="0" type="stmt"/>
      <line num="42" count="0" type="stmt"/>
      <line num="45" count="1" type="stmt"/>
      <line num="48" count="6" type="stmt"/>
    </file>
  </project>
</coverage>
