{
  "/Users/brandonbittner/repos/Split The G/src/app/(app)/items/new.tsx": {
    "path": "/Users/brandonbittner/repos/Split The G/src/app/(app)/items/new.tsx",
    "statementMap": {
      "0": { "start": { "line": 19, "column": 19 }, "end": { "line": 19, "column": 28 } },
      "1": { "start": { "line": 20, "column": 17 }, "end": { "line": 20, "column": 28 } },
      "2": { "start": { "line": 21, "column": 28 }, "end": { "line": 21, "column": 40 } },
      "3": { "start": { "line": 22, "column": 32 }, "end": { "line": 22, "column": 47 } },
      "4": { "start": { "line": 24, "column": 23 }, "end": { "line": 46, "column": 3 } },
      "5": { "start": { "line": 25, "column": 20 }, "end": { "line": 25, "column": 32 } },
      "6": { "start": { "line": 26, "column": 4 }, "end": { "line": 29, "column": 5 } },
      "7": { "start": { "line": 27, "column": 6 }, "end": { "line": 27, "column": 55 } },
      "8": { "start": { "line": 28, "column": 6 }, "end": { "line": 28, "column": 13 } },
      "9": { "start": { "line": 30, "column": 4 }, "end": { "line": 30, "column": 22 } },
      "10": { "start": { "line": 30, "column": 15 }, "end": { "line": 30, "column": 22 } },
      "11": { "start": { "line": 32, "column": 4 }, "end": { "line": 32, "column": 21 } },
      "12": { "start": { "line": 33, "column": 22 }, "end": { "line": 36, "column": 6 } },
      "13": { "start": { "line": 38, "column": 4 }, "end": { "line": 38, "column": 22 } },
      "14": { "start": { "line": 40, "column": 4 }, "end": { "line": 43, "column": 5 } },
      "15": { "start": { "line": 41, "column": 6 }, "end": { "line": 41, "column": 42 } },
      "16": { "start": { "line": 42, "column": 6 }, "end": { "line": 42, "column": 13 } },
      "17": { "start": { "line": 45, "column": 4 }, "end": { "line": 45, "column": 18 } },
      "18": { "start": { "line": 48, "column": 2 }, "end": { "line": 81, "column": 4 } }
    },
    "fnMap": {
      "0": {
        "name": "NewItemScreen",
        "decl": { "start": { "line": 18, "column": 24 }, "end": { "line": 18, "column": 37 } },
        "loc": { "start": { "line": 18, "column": 40 }, "end": { "line": 82, "column": 1 } },
        "line": 18
      },
      "1": {
        "name": "(anonymous_1)",
        "decl": { "start": { "line": 24, "column": 23 }, "end": { "line": 24, "column": 24 } },
        "loc": { "start": { "line": 24, "column": 35 }, "end": { "line": 46, "column": 3 } },
        "line": 24
      }
    },
    "branchMap": {
      "0": {
        "loc": { "start": { "line": 26, "column": 4 }, "end": { "line": 29, "column": 5 } },
        "type": "if",
        "locations": [
          { "start": { "line": 26, "column": 4 }, "end": { "line": 29, "column": 5 } },
          { "start": {}, "end": {} }
        ],
        "line": 26
      },
      "1": {
        "loc": { "start": { "line": 30, "column": 4 }, "end": { "line": 30, "column": 22 } },
        "type": "if",
        "locations": [
          { "start": { "line": 30, "column": 4 }, "end": { "line": 30, "column": 22 } },
          { "start": {}, "end": {} }
        ],
        "line": 30
      },
      "2": {
        "loc": { "start": { "line": 40, "column": 4 }, "end": { "line": 43, "column": 5 } },
        "type": "if",
        "locations": [
          { "start": { "line": 40, "column": 4 }, "end": { "line": 43, "column": 5 } },
          { "start": {}, "end": {} }
        ],
        "line": 40
      },
      "3": {
        "loc": { "start": { "line": 52, "column": 18 }, "end": { "line": 52, "column": 62 } },
        "type": "cond-expr",
        "locations": [
          { "start": { "line": 52, "column": 42 }, "end": { "line": 52, "column": 51 } },
          { "start": { "line": 52, "column": 54 }, "end": { "line": 52, "column": 62 } }
        ],
        "line": 52
      },
      "4": {
        "loc": { "start": { "line": 72, "column": 13 }, "end": { "line": 76, "column": 13 } },
        "type": "cond-expr",
        "locations": [
          { "start": { "line": 73, "column": 14 }, "end": { "line": 73, "column": 49 } },
          { "start": { "line": 75, "column": 14 }, "end": { "line": 75, "column": 83 } }
        ],
        "line": 72
      }
    },
    "s": {
      "0": 6,
      "1": 6,
      "2": 6,
      "3": 6,
      "4": 6,
      "5": 2,
      "6": 2,
      "7": 1,
      "8": 1,
      "9": 1,
      "10": 0,
      "11": 1,
      "12": 1,
      "13": 1,
      "14": 1,
      "15": 0,
      "16": 0,
      "17": 1,
      "18": 6
    },
    "f": { "0": 6, "1": 2 },
    "b": { "0": [1, 1], "1": [0, 1], "2": [0, 1], "3": [6, 0], "4": [1, 5] },
    "_coverageSchema": "1a1c01bbd47fc00a2c39e90264f33305004495a9",
    "hash": "0628d8e7073f62378ed80f659bd178496cde020b"
  }
}
